Arguments: 
  /Users/sisha/.nvm/versions/node/v8.9.4/bin/node /Users/sisha/.nvm/versions/node/v8.9.4/bin/yarn add node-sass -D

PATH: 
  /Users/sisha/.rvm/gems/ruby-2.3.4/bin:/Users/sisha/.rvm/gems/ruby-2.3.4@global/bin:/Users/sisha/.rvm/rubies/ruby-2.3.4/bin:/usr/local/sbin:/Users/sisha/.nvm/versions/node/v8.9.4/bin:/Users/sisha/bin:/usr/local/bin:/usr/bin/gem:/Applications/Postgres.app/Contents/Versions/latest/bin:/Users/sisha/.rbenv/shims:/usr/local/bin:/usr/bin:/bin:/usr/sbin:/sbin:/Users/sisha/.rvm/bin

Yarn version: 
  1.5.1

Node version: 
  8.9.4

Platform: 
  darwin x64

npm manifest: 
  {
    "dependencies": {
      "autoprefixer": "true8.2.0",
      "postcss-modules": "true1.1.0"
    }
  }

yarn manifest: 
  No manifest

Lockfile: 
  # THIS IS AN AUTOGENERATED FILE. DO NOT EDIT THIS FILE DIRECTLY.
  # yarn lockfile v1
  
  
  ansi-regex@^2.0.0:
    version "2.1.1"
    resolved "https://registry.yarnpkg.com/ansi-regex/-/ansi-regex-2.1.1.tgz#c3b33ab5ee360d86e0e628f0468ae7ef27d654df"
  
  ansi-styles@^2.2.1:
    version "2.2.1"
    resolved "https://registry.yarnpkg.com/ansi-styles/-/ansi-styles-2.2.1.tgz#b432dd3358b634cf75e1e4664368240533c1ddbe"
  
  ansi-styles@^3.2.1:
    version "3.2.1"
    resolved "https://registry.yarnpkg.com/ansi-styles/-/ansi-styles-3.2.1.tgz#41fbb20243e50b12be0f04b8dedbf07520ce841d"
    dependencies:
      color-convert "^1.9.0"
  
  autoprefixer@true8.2.0:
    version "8.2.0"
    resolved "https://registry.yarnpkg.com/autoprefixer/-/autoprefixer-8.2.0.tgz#1e49b611b31a5259b86b7a6b2b1b8faf091abe2a"
    dependencies:
      browserslist "^3.2.0"
      caniuse-lite "^1.0.30000817"
      normalize-range "^0.1.2"
      num2fraction "^1.2.2"
      postcss "^6.0.20"
      postcss-value-parser "^3.2.3"
  
  big.js@^3.1.3:
    version "3.2.0"
    resolved "https://registry.yarnpkg.com/big.js/-/big.js-3.2.0.tgz#a5fc298b81b9e0dca2e458824784b65c52ba588e"
  
  browserslist@^3.2.0:
    version "3.2.4"
    resolved "https://registry.yarnpkg.com/browserslist/-/browserslist-3.2.4.tgz#fb9ad70fd09875137ae943a31ab815ed76896031"
    dependencies:
      caniuse-lite "^1.0.30000821"
      electron-to-chromium "^1.3.41"
  
  caniuse-lite@^1.0.30000817, caniuse-lite@^1.0.30000821:
    version "1.0.30000823"
    resolved "https://registry.yarnpkg.com/caniuse-lite/-/caniuse-lite-1.0.30000823.tgz#b79842a5b5a48eaa416b73f5a5d7a23f52d26014"
  
  chalk@^1.1.3:
    version "1.1.3"
    resolved "https://registry.yarnpkg.com/chalk/-/chalk-1.1.3.tgz#a8115c55e4a702fe4d150abd3872822a7e09fc98"
    dependencies:
      ansi-styles "^2.2.1"
      escape-string-regexp "^1.0.2"
      has-ansi "^2.0.0"
      strip-ansi "^3.0.0"
      supports-color "^2.0.0"
  
  chalk@^2.3.2:
    version "2.3.2"
    resolved "https://registry.yarnpkg.com/chalk/-/chalk-2.3.2.tgz#250dc96b07491bfd601e648d66ddf5f60c7a5c65"
    dependencies:
      ansi-styles "^3.2.1"
      escape-string-regexp "^1.0.5"
      supports-color "^5.3.0"
  
  color-convert@^1.9.0:
    version "1.9.1"
    resolved "https://registry.yarnpkg.com/color-convert/-/color-convert-1.9.1.tgz#c1261107aeb2f294ebffec9ed9ecad529a6097ed"
    dependencies:
      color-name "^1.1.1"
  
  color-name@^1.1.1:
    version "1.1.3"
    resolved "https://registry.yarnpkg.com/color-name/-/color-name-1.1.3.tgz#a7d0558bd89c42f795dd42328f740831ca53bc25"
  
  css-modules-loader-core@^1.1.0:
    version "1.1.0"
    resolved "https://registry.yarnpkg.com/css-modules-loader-core/-/css-modules-loader-core-1.1.0.tgz#5908668294a1becd261ae0a4ce21b0b551f21d16"
    dependencies:
      icss-replace-symbols "1.1.0"
      postcss "6.0.1"
      postcss-modules-extract-imports "1.1.0"
      postcss-modules-local-by-default "1.2.0"
      postcss-modules-scope "1.1.0"
      postcss-modules-values "1.3.0"
  
  css-selector-tokenizer@^0.7.0:
    version "0.7.0"
    resolved "https://registry.yarnpkg.com/css-selector-tokenizer/-/css-selector-tokenizer-0.7.0.tgz#e6988474ae8c953477bf5e7efecfceccd9cf4c86"
    dependencies:
      cssesc "^0.1.0"
      fastparse "^1.1.1"
      regexpu-core "^1.0.0"
  
  cssesc@^0.1.0:
    version "0.1.0"
    resolved "https://registry.yarnpkg.com/cssesc/-/cssesc-0.1.0.tgz#c814903e45623371a0477b40109aaafbeeaddbb4"
  
  electron-to-chromium@^1.3.41:
    version "1.3.41"
    resolved "https://registry.yarnpkg.com/electron-to-chromium/-/electron-to-chromium-1.3.41.tgz#7e33643e00cd85edfd17e04194f6d00e73737235"
  
  emojis-list@^2.0.0:
    version "2.1.0"
    resolved "https://registry.yarnpkg.com/emojis-list/-/emojis-list-2.1.0.tgz#4daa4d9db00f9819880c79fa457ae5b09a1fd389"
  
  escape-string-regexp@^1.0.2, escape-string-regexp@^1.0.5:
    version "1.0.5"
    resolved "https://registry.yarnpkg.com/escape-string-regexp/-/escape-string-regexp-1.0.5.tgz#1b61c0562190a8dff6ae3bb2cf0200ca130b86d4"
  
  fastparse@^1.1.1:
    version "1.1.1"
    resolved "https://registry.yarnpkg.com/fastparse/-/fastparse-1.1.1.tgz#d1e2643b38a94d7583b479060e6c4affc94071f8"
  
  generic-names@^1.0.2:
    version "1.0.3"
    resolved "https://registry.yarnpkg.com/generic-names/-/generic-names-1.0.3.tgz#2d786a121aee508876796939e8e3bff836c20917"
    dependencies:
      loader-utils "^0.2.16"
  
  has-ansi@^2.0.0:
    version "2.0.0"
    resolved "https://registry.yarnpkg.com/has-ansi/-/has-ansi-2.0.0.tgz#34f5049ce1ecdf2b0649af3ef24e45ed35416d91"
    dependencies:
      ansi-regex "^2.0.0"
  
  has-flag@^1.0.0:
    version "1.0.0"
    resolved "https://registry.yarnpkg.com/has-flag/-/has-flag-1.0.0.tgz#9d9e793165ce017a00f00418c43f942a7b1d11fa"
  
  has-flag@^3.0.0:
    version "3.0.0"
    resolved "https://registry.yarnpkg.com/has-flag/-/has-flag-3.0.0.tgz#b5d454dc2199ae225699f3467e5a07f3b955bafd"
  
  icss-replace-symbols@1.1.0, icss-replace-symbols@^1.1.0:
    version "1.1.0"
    resolved "https://registry.yarnpkg.com/icss-replace-symbols/-/icss-replace-symbols-1.1.0.tgz#06ea6f83679a7749e386cfe1fe812ae5db223ded"
  
  jsesc@~0.5.0:
    version "0.5.0"
    resolved "https://registry.yarnpkg.com/jsesc/-/jsesc-0.5.0.tgz#e7dee66e35d6fc16f710fe91d5cf69f70f08911d"
  
  json5@^0.5.0:
    version "0.5.1"
    resolved "https://registry.yarnpkg.com/json5/-/json5-0.5.1.tgz#1eade7acc012034ad84e2396767ead9fa5495821"
  
  loader-utils@^0.2.16:
    version "0.2.17"
    resolved "https://registry.yarnpkg.com/loader-utils/-/loader-utils-0.2.17.tgz#f86e6374d43205a6e6c60e9196f17c0299bfb348"
    dependencies:
      big.js "^3.1.3"
      emojis-list "^2.0.0"
      json5 "^0.5.0"
      object-assign "^4.0.1"
  
  normalize-range@^0.1.2:
    version "0.1.2"
    resolved "https://registry.yarnpkg.com/normalize-range/-/normalize-range-0.1.2.tgz#2d10c06bdfd312ea9777695a4d28439456b75942"
  
  num2fraction@^1.2.2:
    version "1.2.2"
    resolved "https://registry.yarnpkg.com/num2fraction/-/num2fraction-1.2.2.tgz#6f682b6a027a4e9ddfa4564cd2589d1d4e669ede"
  
  object-assign@^4.0.1:
    version "4.1.1"
    resolved "https://registry.yarnpkg.com/object-assign/-/object-assign-4.1.1.tgz#2109adc7965887cfc05cbbd442cac8bfbb360863"
  
  postcss-modules-extract-imports@1.1.0:
    version "1.1.0"
    resolved "https://registry.yarnpkg.com/postcss-modules-extract-imports/-/postcss-modules-extract-imports-1.1.0.tgz#b614c9720be6816eaee35fb3a5faa1dba6a05ddb"
    dependencies:
      postcss "^6.0.1"
  
  postcss-modules-local-by-default@1.2.0:
    version "1.2.0"
    resolved "https://registry.yarnpkg.com/postcss-modules-local-by-default/-/postcss-modules-local-by-default-1.2.0.tgz#f7d80c398c5a393fa7964466bd19500a7d61c069"
    dependencies:
      css-selector-tokenizer "^0.7.0"
      postcss "^6.0.1"
  
  postcss-modules-scope@1.1.0:
    version "1.1.0"
    resolved "https://registry.yarnpkg.com/postcss-modules-scope/-/postcss-modules-scope-1.1.0.tgz#d6ea64994c79f97b62a72b426fbe6056a194bb90"
    dependencies:
      css-selector-tokenizer "^0.7.0"
      postcss "^6.0.1"
  
  postcss-modules-values@1.3.0:
    version "1.3.0"
    resolved "https://registry.yarnpkg.com/postcss-modules-values/-/postcss-modules-values-1.3.0.tgz#ecffa9d7e192518389f42ad0e83f72aec456ea20"
    dependencies:
      icss-replace-symbols "^1.1.0"
      postcss "^6.0.1"
  
  postcss-modules@true1.1.0:
    version "1.1.0"
    resolved "https://registry.yarnpkg.com/postcss-modules/-/postcss-modules-1.1.0.tgz#c9f94f76ff6addf7c35b842e69ed442118156bb0"
    dependencies:
      css-modules-loader-core "^1.1.0"
      generic-names "^1.0.2"
      postcss "^6.0.1"
      string-hash "^1.1.1"
  
  postcss-value-parser@^3.2.3:
    version "3.3.0"
    resolved "https://registry.yarnpkg.com/postcss-value-parser/-/postcss-value-parser-3.3.0.tgz#87f38f9f18f774a4ab4c8a232f5c5ce8872a9d15"
  
  postcss@6.0.1:
    version "6.0.1"
    resolved "https://registry.yarnpkg.com/postcss/-/postcss-6.0.1.tgz#000dbd1f8eef217aa368b9a212c5fc40b2a8f3f2"
    dependencies:
      chalk "^1.1.3"
      source-map "^0.5.6"
      supports-color "^3.2.3"
  
  postcss@^6.0.1, postcss@^6.0.20:
    version "6.0.21"
    resolved "https://registry.yarnpkg.com/postcss/-/postcss-6.0.21.tgz#8265662694eddf9e9a5960db6da33c39e4cd069d"
    dependencies:
      chalk "^2.3.2"
      source-map "^0.6.1"
      supports-color "^5.3.0"
  
  regenerate@^1.2.1:
    version "1.3.3"
    resolved "https://registry.yarnpkg.com/regenerate/-/regenerate-1.3.3.tgz#0c336d3980553d755c39b586ae3b20aa49c82b7f"
  
  regexpu-core@^1.0.0:
    version "1.0.0"
    resolved "https://registry.yarnpkg.com/regexpu-core/-/regexpu-core-1.0.0.tgz#86a763f58ee4d7c2f6b102e4764050de7ed90c6b"
    dependencies:
      regenerate "^1.2.1"
      regjsgen "^0.2.0"
      regjsparser "^0.1.4"
  
  regjsgen@^0.2.0:
    version "0.2.0"
    resolved "https://registry.yarnpkg.com/regjsgen/-/regjsgen-0.2.0.tgz#6c016adeac554f75823fe37ac05b92d5a4edb1f7"
  
  regjsparser@^0.1.4:
    version "0.1.5"
    resolved "https://registry.yarnpkg.com/regjsparser/-/regjsparser-0.1.5.tgz#7ee8f84dc6fa792d3fd0ae228d24bd949ead205c"
    dependencies:
      jsesc "~0.5.0"
  
  source-map@^0.5.6:
    version "0.5.7"
    resolved "https://registry.yarnpkg.com/source-map/-/source-map-0.5.7.tgz#8a039d2d1021d22d1ea14c80d8ea468ba2ef3fcc"
  
  source-map@^0.6.1:
    version "0.6.1"
    resolved "https://registry.yarnpkg.com/source-map/-/source-map-0.6.1.tgz#74722af32e9614e9c287a8d0bbde48b5e2f1a263"
  
  string-hash@^1.1.1:
    version "1.1.3"
    resolved "https://registry.yarnpkg.com/string-hash/-/string-hash-1.1.3.tgz#e8aafc0ac1855b4666929ed7dd1275df5d6c811b"
  
  strip-ansi@^3.0.0:
    version "3.0.1"
    resolved "https://registry.yarnpkg.com/strip-ansi/-/strip-ansi-3.0.1.tgz#6a385fb8853d952d5ff05d0e8aaf94278dc63dcf"
    dependencies:
      ansi-regex "^2.0.0"
  
  supports-color@^2.0.0:
    version "2.0.0"
    resolved "https://registry.yarnpkg.com/supports-color/-/supports-color-2.0.0.tgz#535d045ce6b6363fa40117084629995e9df324c7"
  
  supports-color@^3.2.3:
    version "3.2.3"
    resolved "https://registry.yarnpkg.com/supports-color/-/supports-color-3.2.3.tgz#65ac0504b3954171d8a64946b2ae3cbb8a5f54f6"
    dependencies:
      has-flag "^1.0.0"
  
  supports-color@^5.3.0:
    version "5.3.0"
    resolved "https://registry.yarnpkg.com/supports-color/-/supports-color-5.3.0.tgz#5b24ac15db80fa927cf5227a4a33fd3c4c7676c0"
    dependencies:
      has-flag "^3.0.0"

Trace: 
  Error: https://registry.yarnpkg.com/request/-/request-2.85.0.tgz: ENOENT: no such file or directory, utime '/Users/sisha/Library/Caches/Yarn/v1/npm-request-2.85.0-5a03615a47c61420b3eb99b7dba204f83603e1fa/CHANGELOG.md'
